<?xml version="1.0" encoding="UTF-8"?>
<!-- Generated by org.testng.reporters.JUnitReportReporter -->
<testsuite hostname="DESKTOP-FSRQE0S" failures="0" tests="1" name="helloworldpac.TestHelloWorld" time="0.005" errors="0" timestamp="2023-03-28T13:10:02 MMT" skipped="0">
  <testcase classname="helloworldpac.TestHelloWorld" name="TestHelloWorld" time="0.005"/>
  <system-out/>
</testsuite> <!-- helloworldpac.TestHelloWorld -->
